{
  "RSpec": {
    "coverage": {
      "/Users/jamesmooney/Projects/bookmark-manager/spec/setup_test_database.rb": {
        "lines": [
          1,
          null,
          1,
          7,
          7,
          7,
          null,
          null,
          1,
          1,
          1,
          1,
          null
        ]
      },
      "/Users/jamesmooney/Projects/bookmark-manager/app.rb": {
        "lines": [
          1,
          1,
          1,
          null,
          1,
          1,
          0,
          null,
          null,
          1,
          1,
          null,
          null,
          1,
          1,
          null,
          null,
          1,
          1,
          1,
          null,
          null,
          1,
          4,
          4,
          4,
          null,
          null,
          1,
          null,
          1,
          1,
          1,
          null,
          null,
          null,
          null,
          1,
          null
        ]
      },
      "/Users/jamesmooney/Projects/bookmark-manager/lib/bookmark.rb": {
        "lines": [
          1,
          null,
          1,
          null,
          1,
          null,
          1,
          18,
          18,
          18,
          null,
          null,
          1,
          6,
          6,
          null,
          0,
          null,
          null,
          6,
          14,
          null,
          null,
          1,
          10,
          10,
          null,
          0,
          null,
          null,
          10,
          10,
          null,
          null,
          1,
          2,
          2,
          null,
          0,
          null,
          2,
          null,
          null,
          null
        ]
      },
      "/Users/jamesmooney/Projects/bookmark-manager/spec/bookmark_spec.rb": {
        "lines": [
          1,
          1,
          null,
          1,
          null,
          1,
          1,
          1,
          null,
          1,
          1,
          1,
          null,
          1,
          null,
          1,
          1,
          1,
          1,
          1,
          null,
          null,
          null,
          1,
          1,
          1,
          1,
          null,
          1,
          1,
          1,
          1,
          null,
          null,
          null,
          1,
          1,
          1,
          null,
          1,
          null,
          1,
          null,
          null,
          null,
          null,
          null
        ]
      },
      "/Users/jamesmooney/Projects/bookmark-manager/spec/features/add_bookmarks_spec.rb": {
        "lines": [
          1,
          1,
          1,
          1,
          1,
          1,
          1,
          null,
          null
        ]
      },
      "/Users/jamesmooney/Projects/bookmark-manager/spec/features/deleting_a_bookmark_spec.rb": {
        "lines": [
          1,
          1,
          1,
          1,
          1,
          null,
          1,
          null,
          1,
          1,
          null,
          null
        ]
      },
      "/Users/jamesmooney/Projects/bookmark-manager/spec/features/index_spec.rb": {
        "lines": [
          1,
          1,
          1,
          1,
          null,
          null
        ]
      },
      "/Users/jamesmooney/Projects/bookmark-manager/spec/features/view_bookmarks_spec.rb": {
        "lines": [
          1,
          null,
          1,
          1,
          1,
          1,
          1,
          null,
          1,
          null,
          1,
          1,
          1,
          null,
          null
        ]
      }
    },
    "timestamp": 1647613791
  }
}
